<?xml version="1.0" encoding="UTF-8"?>
<!-- Generated by org.testng.reporters.JUnitXMLReporter -->
<testsuite hostname="DESKTOP-49TKC48" name="Test" tests="1" failures="1" timestamp="30 Oct 2020 18:46:10 GMT" time="9.725" errors="0">
  <testcase name="validlogin" time="1.327" classname="test_scripts.Valid_Login">
    <failure type="java.lang.AssertionError" message="null">
      <![CDATA[java.lang.AssertionError: null
	at test_scripts.Valid_Login.validlogin(Valid_Login.java:21)
... Removed 26 stack frames]]>
    </failure>
  </testcase> <!-- validlogin -->
</testsuite> <!-- Test -->
